Arguments: 
  C:\Program Files\nodejs\node.exe C:\Users\maxij\AppData\Roaming\npm\node_modules\yarn\bin\yarn.js add nanoid

PATH: 
  C:\Users\maxij\bin;C:\Program Files\Git\mingw64\bin;C:\Program Files\Git\usr\local\bin;C:\Program Files\Git\usr\bin;C:\Program Files\Git\usr\bin;C:\Program Files\Git\mingw64\bin;C:\Program Files\Git\usr\bin;C:\Users\maxij\bin;C:\WINDOWS\system32;C:\WINDOWS;C:\WINDOWS\System32\Wbem;C:\WINDOWS\System32\WindowsPowerShell\v1.0;C:\WINDOWS\System32\OpenSSH;C:\Program Files\nodejs;C:\Program Files\Git\cmd;C:\ProgramData\chocolatey\bin;%USERPROFILE%\AppData\Local\Microsoft\WindowsApps;C:\Users\maxij\AppData\Local\Programs\Microsoft VS Code\bin;C:\Users\maxij\AppData\Roaming\npm;C:\Program Files\heroku\bin;C:\Users\maxij\AppData\Local\hyper\app-3.0.2\resources\bin;C:\Program Files\Git\usr\bin\vendor_perl;C:\Program Files\Git\usr\bin\core_perl

Yarn version: 
  1.22.10

Node version: 
  14.16.0

Platform: 
  win32 x64

Trace: 
  Error: EPERM: operation not permitted, unlink 'C:\Users\maxij\Documents\Programación\Apx\dwf-m6\rooms-dos\node_modules\@parcel\source-map\parcel_sourcemap_node\artifacts\index.win32-x64-msvc.node'

npm manifest: 
  {
    "name": "rooms-dos",
    "version": "1.0.0",
    "license": "MIT",
    "scripts": {
      "dev:front": "parcel serve ./frontend/src/index.html",
      "build:front": "parcel build ./frontend/src/index.html",
      "dev": "nodemon --watch ./backend/index.ts --exec ts-node ./backend/index.ts",
      "build:api": "tsc ./backend/index.ts",
      "build": "yarn build:front && yarn build:api",
      "start": "node ./backend/index.js"
    },
    "dependencies": {
      "@vaadin/router": "^1.7.4",
      "cors": "^2.8.5",
      "express": "^4.17.1",
      "firebase": "8.7.1",
      "firebase-admin": "^10.0.0",
      "lodash": "^4.17.21",
      "parcel": "^2.0.0-rc.0",
      "uuid": "^8.3.2"
    }
  }

yarn manifest: 
  No manifest

Lockfile: 
  No lockfile
